<<<<<<< HEAD
<<<<<<< HEAD
﻿  GameMain.cpp
  Game.vcxproj -> C:\Users\Gavin\Code\Ragnarok-Cpp\Debug\Game.exe
=======
﻿  SYSTEM.cpp
  Game.vcxproj -> D:\C++\Classes_for_RPG\Debug\Game.exe
>>>>>>> a55dd91f28694f95712daacba48be33daa0b3276
=======
﻿  items.cpp
  Player.cpp
  Human.cpp
  Elf.cpp
  Dwarf.cpp
  Demon.cpp
  Cyberdemon.cpp
  Creature.cpp
  Balrog.cpp
  Generating Code...
  Compiling...
  SYSTEM.cpp
  GameMain.cpp
  battle.cpp
  Generating Code...
  Game.vcxproj -> C:\Users\Gavin\Code\Ragnarok\Debug\Game.exe
>>>>>>> add the Inventory, equipment, battle and enemies list;
